\BOOKMARK [1][-]{section.0.1}{Il movimento}{}% 1
\BOOKMARK [1][-]{section.0.2}{Estetismo}{}% 2
\BOOKMARK [1][-]{section.0.3}{Il superuomo di Nietzsche}{}% 3
\BOOKMARK [1][-]{section.0.4}{Pascoli}{}% 4
\BOOKMARK [2][-]{subsection.0.4.1}{La vita}{section.0.4}% 5
\BOOKMARK [2][-]{subsection.0.4.2}{Fanciullino}{section.0.4}% 6
\BOOKMARK [2][-]{subsection.0.4.3}{Poesie}{section.0.4}% 7
\BOOKMARK [2][-]{section*.3}{X Agosto}{section.0.4}% 8
\BOOKMARK [2][-]{section*.5}{Temporale}{section.0.4}% 9
\BOOKMARK [2][-]{section*.7}{Novembre}{section.0.4}% 10
\BOOKMARK [2][-]{section*.9}{Lampo}{section.0.4}% 11
\BOOKMARK [2][-]{section*.11}{La mia sera}{section.0.4}% 12
\BOOKMARK [1][-]{section.0.5}{D'annunzio}{}% 13
\BOOKMARK [2][-]{subsection.0.5.1}{Vita}{section.0.5}% 14
\BOOKMARK [2][-]{subsection.0.5.2}{Esteta}{section.0.5}% 15
\BOOKMARK [2][-]{subsection.0.5.3}{Superuomo}{section.0.5}% 16
\BOOKMARK [2][-]{subsection.0.5.4}{Vate}{section.0.5}% 17
\BOOKMARK [2][-]{subsection.0.5.5}{Panismo}{section.0.5}% 18
\BOOKMARK [2][-]{subsection.0.5.6}{Opere}{section.0.5}% 19
\BOOKMARK [1][-]{section.0.6}{Pirandello}{}% 20
\BOOKMARK [2][-]{subsection.0.6.1}{Vita}{section.0.6}% 21
\BOOKMARK [2][-]{subsection.0.6.2}{Il ruolo della psicoanalisi}{section.0.6}% 22
\BOOKMARK [2][-]{subsection.0.6.3}{Il fu Mattia pascal}{section.0.6}% 23
\BOOKMARK [2][-]{subsection.0.6.4}{Novelle}{section.0.6}% 24
\BOOKMARK [1][-]{section.0.7}{Svevo}{}% 25
\BOOKMARK [2][-]{subsection.0.7.1}{Vita}{section.0.7}% 26
\BOOKMARK [2][-]{subsection.0.7.2}{La coscienza di Zeno}{section.0.7}% 27
\BOOKMARK [1][-]{section.0.8}{Introduzione}{}% 28
\BOOKMARK [1][-]{section.0.9}{Marinetti}{}% 29
\BOOKMARK [2][-]{subsection.0.9.1}{Manifesto Tecnico}{section.0.9}% 30
\BOOKMARK [2][-]{subsection.0.9.2}{Manifesto Futurista}{section.0.9}% 31
\BOOKMARK [1][-]{section.0.10}{Il movimento}{}% 32
\BOOKMARK [1][-]{section.0.11}{Ungaretti}{}% 33
\BOOKMARK [2][-]{subsection.0.11.1}{Vita}{section.0.11}% 34
\BOOKMARK [2][-]{subsection.0.11.2}{Poesie}{section.0.11}% 35
\BOOKMARK [2][-]{section*.19}{Soldati}{section.0.11}% 36
\BOOKMARK [2][-]{section*.21}{Fratelli}{section.0.11}% 37
\BOOKMARK [2][-]{section*.23}{Veglia}{section.0.11}% 38
\BOOKMARK [2][-]{section*.25}{Natale}{section.0.11}% 39
\BOOKMARK [2][-]{section*.27}{Sono una creatura}{section.0.11}% 40
\BOOKMARK [2][-]{section*.29}{San Martino del carso}{section.0.11}% 41
\BOOKMARK [1][-]{section.0.12}{Montale}{}% 42
\BOOKMARK [2][-]{subsection.0.12.1}{Vita}{section.0.12}% 43
\BOOKMARK [2][-]{subsection.0.12.2}{Ossi di Seppia}{section.0.12}% 44
\BOOKMARK [2][-]{subsection.0.12.3}{Poesie}{section.0.12}% 45
\BOOKMARK [2][-]{section*.32}{Meriggiare pallido e assorto}{section.0.12}% 46
\BOOKMARK [2][-]{section*.34}{Non chiederci la parola}{section.0.12}% 47
\BOOKMARK [2][-]{section*.36}{Spesso il male di vivere}{section.0.12}% 48
\BOOKMARK [1][-]{section.0.13}{Quasimodo}{}% 49
\BOOKMARK [2][-]{subsection.0.13.1}{Vita}{section.0.13}% 50
\BOOKMARK [2][-]{subsection.0.13.2}{Poesie}{section.0.13}% 51
\BOOKMARK [2][-]{section*.38}{Ed \350 subito sera}{section.0.13}% 52
\BOOKMARK [2][-]{section*.40}{Alle fronde dei salici}{section.0.13}% 53
\BOOKMARK [2][-]{section*.42}{Milano, agosto 1943}{section.0.13}% 54
\BOOKMARK [1][-]{section.0.14}{Pavese}{}% 55
\BOOKMARK [2][-]{subsection.0.14.1}{Vita}{section.0.14}% 56
\BOOKMARK [2][-]{subsection.0.14.2}{Opere}{section.0.14}% 57
\BOOKMARK [1][-]{section.0.15}{Vittorini}{}% 58
\BOOKMARK [2][-]{subsection.0.15.1}{Vita}{section.0.15}% 59
\BOOKMARK [2][-]{subsection.0.15.2}{Uomini e no}{section.0.15}% 60
\BOOKMARK [1][-]{section.0.16}{Cinema e Letteratura}{}% 61
\BOOKMARK [1][-]{section.0.17}{Italo Calvino}{}% 62
\BOOKMARK [2][-]{subsection.0.17.1}{Vita}{section.0.17}% 63
\BOOKMARK [2][-]{subsection.0.17.2}{Neorealismo e componente fantastica}{section.0.17}% 64
